Starting Initalization...
Computing prototype embeddings for each column...
731
✓ Saved prototype for 'Album' (averaged 18 columns)
✓ Saved prototype for 'Book' (averaged 18 columns)
✓ Saved prototype for 'Category' (averaged 10 columns)
✓ Saved prototype for 'Company' (averaged 14 columns)
✓ Saved prototype for 'Country' (averaged 26 columns)
✓ Saved prototype for 'Currency' (averaged 27 columns)
✓ Saved prototype for 'Event' (averaged 13 columns)
✓ Saved prototype for 'Film' (averaged 14 columns)
✓ Saved prototype for 'Hotel' (averaged 18 columns)
✓ Saved prototype for 'Identifier' (averaged 11 columns)
✓ Saved prototype for 'Image' (averaged 17 columns)
✓ Saved prototype for 'Language' (averaged 10 columns)
✓ Saved prototype for 'List' (averaged 11 columns)
✓ Saved prototype for 'Locality' (averaged 27 columns)
✓ Saved prototype for 'Museum' (averaged 10 columns)
✓ Saved prototype for 'MusicalArtist' (averaged 16 columns)
✓ Saved prototype for 'Organisation' (averaged 19 columns)
✓ Saved prototype for 'Person' (averaged 25 columns)
✓ Saved prototype for 'Place' (averaged 12 columns)
✓ Saved prototype for 'PostalCode' (averaged 22 columns)
✓ Saved prototype for 'Region' (averaged 19 columns)
✓ Saved prototype for 'Restaurant' (averaged 18 columns)
✓ Saved prototype for 'Song' (averaged 13 columns)
✓ Saved prototype for 'SportsEvent' (averaged 10 columns)
✓ Saved prototype for 'SportsTeam' (averaged 12 columns)
✓ Saved prototype for 'Street' (averaged 18 columns)
✓ Saved prototype for 'TelevisionEpisode' (averaged 12 columns)
✓ Saved prototype for 'TelevisionShow' (averaged 10 columns)
✓ Saved prototype for 'Website' (averaged 15 columns)
✓ Saved prototype for 'WrittenWork' (averaged 14 columns)
✓ Saved prototype for 'address' (averaged 16 columns)
✓ Saved prototype for 'boolean' (averaged 10 columns)
✓ Saved prototype for 'brand' (averaged 10 columns)
✓ Saved prototype for 'date' (averaged 26 columns)
✓ Saved prototype for 'dateTime' (averaged 19 columns)
✓ Saved prototype for 'day' (averaged 10 columns)
✓ Saved prototype for 'distance' (averaged 10 columns)
✓ Saved prototype for 'duration' (averaged 33 columns)
✓ Saved prototype for 'energy' (averaged 10 columns)
✓ Saved prototype for 'gender' (averaged 10 columns)
✓ Saved prototype for 'mass' (averaged 24 columns)
✓ Saved prototype for 'price' (averaged 21 columns)
✓ Saved prototype for 'rating' (averaged 10 columns)
✓ Saved prototype for 'review' (averaged 10 columns)
✓ Saved prototype for 'time' (averaged 21 columns)
Total execution time for prototype embeddings: 53.47 seconds
Total execution time for cell index: 195.43 seconds
train /home/kpanag/vscode/cta_full_pipeline/SOTABV2forSemTab2023/CTA-SCH-R3/gt/sotab_cta_train_round3.csv
⚠️ Embedding failed for column 'Film': the input length exceeds the context length (status code: 400) and gt_row 33471
Saved: /home/kpanag/vscode/cta_full_pipeline/SOTABV2forSemTab2023/CTA-SCH-R3/gt/supplementary_files/train_nomic-embed-text-v2-moe:latest_AVG:False.csv
val /home/kpanag/vscode/cta_full_pipeline/SOTABV2forSemTab2023/CTA-SCH-R3/gt/sotab_cta_validation_round3.csv
Saved: /home/kpanag/vscode/cta_full_pipeline/SOTABV2forSemTab2023/CTA-SCH-R3/gt/supplementary_files/val_nomic-embed-text-v2-moe:latest_AVG:False.csv
test /home/kpanag/vscode/cta_full_pipeline/SOTABV2forSemTab2023/CTA-SCH-R3/gt/sotab_cta_test_round3.csv
Saved: /home/kpanag/vscode/cta_full_pipeline/SOTABV2forSemTab2023/CTA-SCH-R3/gt/supplementary_files/test_nomic-embed-text-v2-moe:latest_AVG:False.csv
Total execution time for data pre_processing: 6096.41 seconds
(85561, 768) (731, 768) (681, 768)
Num classes: 46
0:	learn: 0.2574373	test: 0.2448700	best: 0.2448700 (0)	total: 150ms	remaining: 1m 14s
50:	learn: 0.7686668	test: 0.7428181	best: 0.7428181 (50)	total: 7.16s	remaining: 1m 3s
100:	learn: 0.8321348	test: 0.7879617	best: 0.7906977 (99)	total: 14.1s	remaining: 55.9s
150:	learn: 0.8530711	test: 0.7961696	best: 0.7961696 (150)	total: 19.4s	remaining: 44.9s
200:	learn: 0.8705968	test: 0.8112175	best: 0.8112175 (179)	total: 26s	remaining: 38.6s
250:	learn: 0.8857205	test: 0.8125855	best: 0.8153215 (233)	total: 33.2s	remaining: 33s
300:	learn: 0.8956753	test: 0.8153215	best: 0.8180575 (278)	total: 40.1s	remaining: 26.5s
350:	learn: 0.9029141	test: 0.8166895	best: 0.8180575 (278)	total: 46.8s	remaining: 19.9s
400:	learn: 0.9097817	test: 0.8166895	best: 0.8207934 (382)	total: 53.4s	remaining: 13.2s
450:	learn: 0.9154182	test: 0.8248974	best: 0.8276334 (447)	total: 59.9s	remaining: 6.51s
499:	learn: 0.9207207	test: 0.8290014	best: 0.8317373 (490)	total: 1m 6s	remaining: 0us
bestTest = 0.8317373461
bestIteration = 490
Shrink model to first 491 iterations.
Best round: 490
0:	learn: 0.2567369	total: 139ms	remaining: 1m 7s
50:	learn: 0.7716936	total: 7.48s	remaining: 1m 4s
100:	learn: 0.8266702	total: 13.9s	remaining: 53.6s
150:	learn: 0.8461200	total: 18.3s	remaining: 41.1s
200:	learn: 0.8690768	total: 25.4s	remaining: 36.6s
250:	learn: 0.8835843	total: 32.7s	remaining: 31.1s
300:	learn: 0.8941740	total: 39.7s	remaining: 24.9s
350:	learn: 0.9012646	total: 46.4s	remaining: 18.4s
400:	learn: 0.9077458	total: 53.1s	remaining: 11.8s
450:	learn: 0.9134973	total: 59.6s	remaining: 5.15s
489:	learn: 0.9180583	total: 1m 4s	remaining: 0us

=== CatBoost Only ===
Accuracy:         0.8253
Micro F1:         0.8253
Macro F1:         0.8274
Micro Precision:  0.8253
Macro Precision:  0.8335
Micro Recall:     0.8253
Macro Recall:     0.8369

Classification Report:
                   precision    recall  f1-score   support

            Album       0.72      0.76      0.74        17
             Book       0.82      0.75      0.78        12
         Category       0.93      0.93      0.93        14
          Company       0.44      0.67      0.53        12
          Country       1.00      0.89      0.94        27
         Currency       1.00      1.00      1.00        17
            Event       0.62      0.91      0.74        11
             Film       0.88      1.00      0.93        14
            Hotel       1.00      1.00      1.00        18
       Identifier       0.85      0.73      0.79        15
            Image       0.71      0.50      0.59        10
         Language       0.92      0.92      0.92        12
             List       1.00      1.00      1.00        10
         Locality       0.81      0.84      0.82        25
           Museum       1.00      0.90      0.95        10
    MusicalArtist       0.77      0.67      0.71        15
     Organisation       0.50      0.35      0.41        20
           Person       0.87      0.83      0.85        24
            Place       0.72      0.72      0.72        18
       PostalCode       0.94      0.94      0.94        17
           Region       0.64      0.90      0.75        10
       Restaurant       1.00      0.80      0.89        20
             Song       0.70      0.93      0.80        15
      SportsEvent       0.91      0.91      0.91        11
       SportsTeam       0.82      0.90      0.86        10
           Street       0.71      0.86      0.77        14
TelevisionEpisode       1.00      1.00      1.00        10
   TelevisionShow       1.00      0.80      0.89        10
          Website       0.62      0.73      0.67        11
      WrittenWork       0.67      0.33      0.44        18
          address       0.53      0.56      0.55        16
          boolean       1.00      0.80      0.89        10
            brand       0.64      0.90      0.75        10
             date       1.00      0.94      0.97        18
         dateTime       0.77      1.00      0.87        10
              day       1.00      1.00      1.00        10
         distance       0.83      0.71      0.77        21
         duration       0.82      0.90      0.86        20
           energy       0.73      1.00      0.85        11
           gender       1.00      1.00      1.00        10
             mass       0.88      1.00      0.94        15
            price       0.71      0.94      0.81        16
           rating       1.00      0.90      0.95        10
           review       1.00      0.92      0.96        13
             time       0.96      0.80      0.87        30
           weight       0.90      0.64      0.75        14

         accuracy                           0.83       681
        macro avg       0.83      0.84      0.83       681
     weighted avg       0.84      0.83      0.82       681

Total execution time for catboost training: 199.94 seconds
/home/kpanag/vscode/cta_full_pipeline/catboost/model/CatBoost_ROUND3_nomic-embed-text-v2-moe:latest_AVG-False.cbm
Processed 100/681 rows
Processed 200/681 rows
Processed 300/681 rows
Processed 400/681 rows
Processed 500/681 rows
Processed 600/681 rows
+++ 0

F1-scores per class:
Class: WrittenWork          | Precision: 1.0000 | Recall: 0.5000 | F1-score: 0.6667
Class: Person               | Precision: 0.8400 | Recall: 0.8750 | F1-score: 0.8571
Class: Language             | Precision: 0.9231 | Recall: 1.0000 | F1-score: 0.9600
Class: Organisation         | Precision: 0.5909 | Recall: 0.6500 | F1-score: 0.6190
Class: dateTime             | Precision: 1.0000 | Recall: 1.0000 | F1-score: 1.0000
Class: boolean              | Precision: 1.0000 | Recall: 0.9000 | F1-score: 0.9474
Class: date                 | Precision: 0.9474 | Recall: 1.0000 | F1-score: 0.9730
Class: time                 | Precision: 1.0000 | Recall: 0.8000 | F1-score: 0.8889
Class: Hotel                | Precision: 1.0000 | Recall: 0.9444 | F1-score: 0.9714
Class: Place                | Precision: 0.7333 | Recall: 0.6111 | F1-score: 0.6667
Class: Country              | Precision: 1.0000 | Recall: 0.9259 | F1-score: 0.9615
Class: Locality             | Precision: 0.7778 | Recall: 0.8400 | F1-score: 0.8077
Class: Street               | Precision: 0.7500 | Recall: 0.8571 | F1-score: 0.8000
Class: Image                | Precision: 0.8333 | Recall: 0.5000 | F1-score: 0.6250
Class: PostalCode           | Precision: 0.9444 | Recall: 1.0000 | F1-score: 0.9714
Class: review               | Precision: 0.8571 | Recall: 0.9231 | F1-score: 0.8889
Class: Identifier           | Precision: 1.0000 | Recall: 0.7333 | F1-score: 0.8462
Class: Currency             | Precision: 1.0000 | Recall: 1.0000 | F1-score: 1.0000
Class: Museum               | Precision: 1.0000 | Recall: 1.0000 | F1-score: 1.0000
Class: Region               | Precision: 0.7143 | Recall: 1.0000 | F1-score: 0.8333
Class: Song                 | Precision: 0.7368 | Recall: 0.9333 | F1-score: 0.8235
Class: Album                | Precision: 0.8571 | Recall: 0.7059 | F1-score: 0.7742
Class: MusicalArtist        | Precision: 0.9333 | Recall: 0.9333 | F1-score: 0.9333
Class: price                | Precision: 0.4444 | Recall: 1.0000 | F1-score: 0.6154
Class: address              | Precision: 0.4400 | Recall: 0.6875 | F1-score: 0.5366
Class: day                  | Precision: 1.0000 | Recall: 1.0000 | F1-score: 1.0000
Class: List                 | Precision: 1.0000 | Recall: 1.0000 | F1-score: 1.0000
Class: energy               | Precision: 1.0000 | Recall: 1.0000 | F1-score: 1.0000
Class: duration             | Precision: 0.7692 | Recall: 1.0000 | F1-score: 0.8696
Class: mass                 | Precision: 1.0000 | Recall: 1.0000 | F1-score: 1.0000
Class: Restaurant           | Precision: 1.0000 | Recall: 0.8500 | F1-score: 0.9189
Class: Website              | Precision: 0.5882 | Recall: 0.9091 | F1-score: 0.7143
Class: SportsTeam           | Precision: 0.9000 | Recall: 0.9000 | F1-score: 0.9000
Class: SportsEvent          | Precision: 1.0000 | Recall: 0.9091 | F1-score: 0.9524
Class: TelevisionEpisode    | Precision: 1.0000 | Recall: 1.0000 | F1-score: 1.0000
Class: TelevisionShow       | Precision: 1.0000 | Recall: 1.0000 | F1-score: 1.0000
Class: Book                 | Precision: 0.9231 | Recall: 1.0000 | F1-score: 0.9600
Class: Event                | Precision: 1.0000 | Recall: 1.0000 | F1-score: 1.0000
Class: Category             | Precision: 1.0000 | Recall: 1.0000 | F1-score: 1.0000
Class: Company              | Precision: 1.0000 | Recall: 0.6667 | F1-score: 0.8000
Class: Film                 | Precision: 1.0000 | Recall: 1.0000 | F1-score: 1.0000
Class: rating               | Precision: 1.0000 | Recall: 0.9000 | F1-score: 0.9474
Class: gender               | Precision: 1.0000 | Recall: 1.0000 | F1-score: 1.0000
Class: distance             | Precision: 1.0000 | Recall: 0.3333 | F1-score: 0.5000
Class: weight               | Precision: 1.0000 | Recall: 0.6429 | F1-score: 0.7826
Class: brand                | Precision: 0.8000 | Recall: 0.8000 | F1-score: 0.8000
{'macro_f1': 0.8720080927675515, 'micro_f1': 0.8590308370044053, 'precision': 0.8979125569992443, 'recall': 0.874589621210465, 'per_class_f1': {'WrittenWork': np.float64(0.6666666666666666), 'Person': np.float64(0.8571428571428571), 'Language': np.float64(0.96), 'Organisation': np.float64(0.6190476190476191), 'dateTime': np.float64(1.0), 'boolean': np.float64(0.9473684210526315), 'date': np.float64(0.972972972972973), 'time': np.float64(0.8888888888888888), 'Hotel': np.float64(0.9714285714285714), 'Place': np.float64(0.6666666666666666), 'Country': np.float64(0.9615384615384616), 'Locality': np.float64(0.8076923076923077), 'Street': np.float64(0.8), 'Image': np.float64(0.625), 'PostalCode': np.float64(0.9714285714285714), 'review': np.float64(0.8888888888888888), 'Identifier': np.float64(0.8461538461538461), 'Currency': np.float64(1.0), 'Museum': np.float64(1.0), 'Region': np.float64(0.8333333333333334), 'Song': np.float64(0.8235294117647058), 'Album': np.float64(0.7741935483870968), 'MusicalArtist': np.float64(0.9333333333333333), 'price': np.float64(0.6153846153846154), 'address': np.float64(0.5365853658536586), 'day': np.float64(1.0), 'List': np.float64(1.0), 'energy': np.float64(1.0), 'duration': np.float64(0.8695652173913043), 'mass': np.float64(1.0), 'Restaurant': np.float64(0.918918918918919), 'Website': np.float64(0.7142857142857143), 'SportsTeam': np.float64(0.9), 'SportsEvent': np.float64(0.9523809523809523), 'TelevisionEpisode': np.float64(1.0), 'TelevisionShow': np.float64(1.0), 'Book': np.float64(0.96), 'Event': np.float64(1.0), 'Category': np.float64(1.0), 'Company': np.float64(0.8), 'Film': np.float64(1.0), 'rating': np.float64(0.9473684210526315), 'gender': np.float64(1.0), 'distance': np.float64(0.5), 'weight': np.float64(0.782608695652174), 'brand': np.float64(0.8)}}
Evaluation Results: {'macro_f1': 0.8720080927675515, 'micro_f1': 0.8590308370044053, 'precision': 0.8979125569992443, 'recall': 0.874589621210465}
Total execution time: 6607.05 seconds
